c:\users\krohr\source\repos\marchgameex\marchgameex\x64\debug\vc145.pdb
c:\users\krohr\source\repos\marchgameex\marchgameex\x64\debug\vc145.idb
c:\users\krohr\source\repos\marchgameex\marchgameex\x64\debug\monster.obj
c:\users\krohr\source\repos\marchgameex\marchgameex\x64\debug\menu.obj
c:\users\krohr\source\repos\marchgameex\marchgameex\x64\debug\marchgameex.obj
c:\users\krohr\source\repos\marchgameex\marchgameex\x64\debug\gameengine.obj
c:\users\krohr\source\repos\marchgameex\marchgameex\x64\debug\gamedata.obj
c:\users\krohr\source\repos\marchgameex\marchgameex\x64\debug\combat.obj
c:\users\krohr\source\repos\marchgameex\marchgameex\x64\debug\character.obj
c:\users\krohr\source\repos\marchgameex\x64\debug\marchgameex.exe
c:\users\krohr\source\repos\marchgameex\x64\debug\marchgameex.pdb
c:\users\krohr\source\repos\marchgameex\marchgameex\x64\debug\marchgameex.ilk
c:\users\krohr\source\repos\marchgameex\marchgameex\x64\debug\marchgameex.tlog\cl.command.1.tlog
c:\users\krohr\source\repos\marchgameex\marchgameex\x64\debug\marchgameex.tlog\cl.items.tlog
c:\users\krohr\source\repos\marchgameex\marchgameex\x64\debug\marchgameex.tlog\cl.read.1.tlog
c:\users\krohr\source\repos\marchgameex\marchgameex\x64\debug\marchgameex.tlog\cl.write.1.tlog
c:\users\krohr\source\repos\marchgameex\marchgameex\x64\debug\marchgameex.tlog\link.command.1.tlog
c:\users\krohr\source\repos\marchgameex\marchgameex\x64\debug\marchgameex.tlog\link.read.1.tlog
c:\users\krohr\source\repos\marchgameex\marchgameex\x64\debug\marchgameex.tlog\link.secondary.1.tlog
c:\users\krohr\source\repos\marchgameex\marchgameex\x64\debug\marchgameex.tlog\link.write.1.tlog
